
Pasta 'VersionPHP' criada em C:.
Arquivo 'glib-2.dll' copiado para 'C:\VersionPHP\php5.4.0'.
Arquivo 'gmodule-2.dll' copiado para 'C:\VersionPHP\php5.4.0'.
Arquivo 'icudt42.dll' copiado para 'C:\VersionPHP\php5.4.0'.
Arquivo 'icuin42.dll' copiado para 'C:\VersionPHP\php5.4.0'.
Arquivo 'icuio42.dll' copiado para 'C:\VersionPHP\php5.4.0'.
Arquivo 'icule42.dll' copiado para 'C:\VersionPHP\php5.4.0'.
Arquivo 'iculx42.dll' copiado para 'C:\VersionPHP\php5.4.0'.
Arquivo 'icutest.dll' copiado para 'C:\VersionPHP\php5.4.0'.
Arquivo 'icutu41.dll' copiado para 'C:\VersionPHP\php5.4.0'.
Arquivo 'icuuc42.dll' copiado para 'C:\VersionPHP\php5.4.0'.
Arquivo 'install.txt' copiado para 'C:\VersionPHP\php5.4.0'.
Arquivo 'libeay32.dll' copiado para 'C:\VersionPHP\php5.4.0'.
Arquivo 'libenchant.dll' copiado para 'C:\VersionPHP\php5.4.0'.
Arquivo 'libenchant_ispell.dll' copiado para 'C:\VersionPHP\php5.4.0'.
Arquivo 'libenchant_myspell.dll' copiado para 'C:\VersionPHP\php5.4.0'.
Arquivo 'libpq.dll' copiado para 'C:\VersionPHP\php5.4.0'.
Arquivo 'license.txt' copiado para 'C:\VersionPHP\php5.4.0'.
Arquivo 'news.txt' copiado para 'C:\VersionPHP\php5.4.0'.
Arquivo 'phar.phar.bat' copiado para 'C:\VersionPHP\php5.4.0'.
Arquivo 'pharcommand.phar' copiado para 'C:\VersionPHP\php5.4.0'.
Arquivo 'php-cgi.exe' copiado para 'C:\VersionPHP\php5.4.0'.
Arquivo 'php-win.exe' copiado para 'C:\VersionPHP\php5.4.0'.
Arquivo 'php.exe' copiado para 'C:\VersionPHP\php5.4.0'.
Arquivo 'php.gif' copiado para 'C:\VersionPHP\php5.4.0'.
Arquivo 'php.ini' copiado para 'C:\VersionPHP\php5.4.0'.
Arquivo 'php.ini-development' copiado para 'C:\VersionPHP\php5.4.0'.
Arquivo 'php5.dll' copiado para 'C:\VersionPHP\php5.4.0'.
Arquivo 'php5embed.lib' copiado para 'C:\VersionPHP\php5.4.0'.
Arquivo 'php_5.exe' copiado para 'C:\VersionPHP\php5.4.0'.
Arquivo 'php_5_init.exe' copiado para 'C:\VersionPHP\php5.4.0'.
Arquivo 'pws-php5cgi.reg' copiado para 'C:\VersionPHP\php5.4.0'.
Arquivo 'pws-php5isapi.reg' copiado para 'C:\VersionPHP\php5.4.0'.
Arquivo 'readme-redist-bins.txt' copiado para 'C:\VersionPHP\php5.4.0'.
Arquivo 'snapshot.txt' copiado para 'C:\VersionPHP\php5.4.0'.
Arquivo 'ssleay32.dll' copiado para 'C:\VersionPHP\php5.4.0'.


A pasta 'VersionPHP' Ja existe em C:.
Arquivo 'glib-2.dll' copiado para 'C:\VersionPHP\php5.4.0'.
Arquivo 'gmodule-2.dll' copiado para 'C:\VersionPHP\php5.4.0'.
Arquivo 'icudt42.dll' copiado para 'C:\VersionPHP\php5.4.0'.
Arquivo 'icuin42.dll' copiado para 'C:\VersionPHP\php5.4.0'.
Arquivo 'icuio42.dll' copiado para 'C:\VersionPHP\php5.4.0'.
Arquivo 'icule42.dll' copiado para 'C:\VersionPHP\php5.4.0'.
Arquivo 'iculx42.dll' copiado para 'C:\VersionPHP\php5.4.0'.
Arquivo 'icutest.dll' copiado para 'C:\VersionPHP\php5.4.0'.
Arquivo 'icutu41.dll' copiado para 'C:\VersionPHP\php5.4.0'.
Arquivo 'icuuc42.dll' copiado para 'C:\VersionPHP\php5.4.0'.
Arquivo 'install.txt' copiado para 'C:\VersionPHP\php5.4.0'.
Arquivo 'libeay32.dll' copiado para 'C:\VersionPHP\php5.4.0'.
Arquivo 'libenchant.dll' copiado para 'C:\VersionPHP\php5.4.0'.
Arquivo 'libenchant_ispell.dll' copiado para 'C:\VersionPHP\php5.4.0'.
Arquivo 'libenchant_myspell.dll' copiado para 'C:\VersionPHP\php5.4.0'.
Arquivo 'libpq.dll' copiado para 'C:\VersionPHP\php5.4.0'.
Arquivo 'license.txt' copiado para 'C:\VersionPHP\php5.4.0'.
Arquivo 'news.txt' copiado para 'C:\VersionPHP\php5.4.0'.
Arquivo 'phar.phar.bat' copiado para 'C:\VersionPHP\php5.4.0'.
Arquivo 'pharcommand.phar' copiado para 'C:\VersionPHP\php5.4.0'.
Arquivo 'php-cgi.exe' copiado para 'C:\VersionPHP\php5.4.0'.
Arquivo 'php-win.exe' copiado para 'C:\VersionPHP\php5.4.0'.
Arquivo 'php.exe' copiado para 'C:\VersionPHP\php5.4.0'.
Arquivo 'php.gif' copiado para 'C:\VersionPHP\php5.4.0'.
Arquivo 'php.ini' copiado para 'C:\VersionPHP\php5.4.0'.
Arquivo 'php.ini-development' copiado para 'C:\VersionPHP\php5.4.0'.
Arquivo 'php5.dll' copiado para 'C:\VersionPHP\php5.4.0'.
Arquivo 'php5embed.lib' copiado para 'C:\VersionPHP\php5.4.0'.
Arquivo 'php_5.exe' copiado para 'C:\VersionPHP\php5.4.0'.
Arquivo 'php_5_init.exe' copiado para 'C:\VersionPHP\php5.4.0'.
Arquivo 'pws-php5cgi.reg' copiado para 'C:\VersionPHP\php5.4.0'.
Arquivo 'pws-php5isapi.reg' copiado para 'C:\VersionPHP\php5.4.0'.
Arquivo 'readme-redist-bins.txt' copiado para 'C:\VersionPHP\php5.4.0'.
Arquivo 'snapshot.txt' copiado para 'C:\VersionPHP\php5.4.0'.
Arquivo 'ssleay32.dll' copiado para 'C:\VersionPHP\php5.4.0'.


Pasta 'VersionPHP' reinstalada em C:.
Pasta 'VersionPHP' reinstalada em C:.
Arquivo 'php5.4.0.zip' extra??do para 'C:\VersionPHP\php5.4.0'.


Pasta 'VersionPHP' reinstalada em C:.
Arquivo 'php5.4.0.zip' extra??do para 'C:\VersionPHP\php5.4.0'.


Pasta 'VersionPHP' reinstalada em C:.
Arquivo 'php5.4.0.zip' extra??do para 'C:\VersionPHP\php5.4.0'.
O caminho j?? est?? no PATH.
Sucesso Finalizado Configura????o
Pasta 'VersionPHP' criada em C:.
Pasta 'VersionPHP' reinstalada em C:.
Arquivo 'php5.4.0.zip' extra??do para 'C:\VersionPHP\php5.4.0'.


Pasta 'VersionPHP' reinstalada em C:.
Arquivo 'php5.4.0.zip' extra??do para 'C:\VersionPHP\php5.4.0'.


Pasta 'VersionPHP' reinstalada em C:.
Arquivo 'php5.4.0.zip' extra??do para 'C:\VersionPHP'.


Pasta 'VersionPHP' criada em C:.
Pasta 'VersionPHP' reinstalada em C:.
Arquivo 'php5.4.0.zip' extraido para 'C:\VersionPHP'.


Pasta 'VersionPHP' reinstalada em C:.
Arquivo 'php5.4.0.zip' extraido para 'C:\VersionPHP'.


Pasta 'VersionPHP' reinstalada em C:.
Arquivo 'php5.4.0.zip' extraido para 'C:\VersionPHP'.


Arquivo 'php5.4.0.zip' extraido para 'C:\VersionPHP'.


 Inicie a Extracao de Pacotes Em 
 / Pacotes Nao Encontrados 
 / 404
Arquivo 'php5.4.0.zip' extraido para 'C:\VersionPHP'.


 Inicie a Extracao de Pacotes Em 
 / Pacotes Nao Encontrados 
 / 404
Arquivo 'php5.4.0.zip' extraido para 'C:\VersionPHP'.


Arquivo 'php5.4.0.zip' extraido para 'C:\VersionPHP'.


Arquivo 'php5.4.0.zip' extraido para 'C:\VersionPHP'.


Arquivo 'php5.4.0.zip' extraido para 'C:\VersionPHP'.

