Caminho Encontrado => : C:\Users\Daniel\Desktop\BIBLIOTECA\SISTEMA BIBLIOTECA\Packages\phpLiteAdmin 
Processamento Criado => : System.Diagnostics.Process (php_5) 
O PHP Server foi iniciado com sucesso. PID: 15788
Iniciando Teste ...

Caminho Encontrado => : C:\Users\Daniel\Desktop\BIBLIOTECA\SISTEMA BIBLIOTECA\Packages\phpLiteAdmin 
Processamento Criado => : System.Diagnostics.Process (php_5) 
O PHP Server foi iniciado com sucesso. PID: 15788
Iniciando Teste ...
Processo anterior (PID: 15788) encerrado com sucesso.
Caminho Encontrado => : C:\Users\Daniel\Desktop\BIBLIOTECA\SISTEMA BIBLIOTECA\Packages\phpLiteAdmin 
Processamento Criado => : System.Diagnostics.Process (php_5) 
O PHP Server foi iniciado com sucesso. PID: 7352
Iniciando Teste ...

Caminho Encontrado => : C:\Users\Daniel\Desktop\BIBLIOTECA\SISTEMA BIBLIOTECA\Packages\phpLiteAdmin 
Processamento Criado => : System.Diagnostics.Process (php_5) 
Processamento Criado => :  
Processamento Criado => : 0 
O PHP Server foi iniciado com sucesso. PID: 6324
Iniciando Teste ...

Caminho Encontrado => : C:\Users\Daniel\Desktop\BIBLIOTECA\SISTEMA BIBLIOTECA\Packages\phpLiteAdmin 
Processamento Criado => : System.Diagnostics.Process (php_5) 
Processamento Criado => : . 
Processamento Criado => : 0 
O PHP Server foi iniciado com sucesso. PID: 10880
Iniciando Teste ...

Caminho Encontrado => : C:\Users\Daniel\Desktop\BIBLIOTECA\SISTEMA BIBLIOTECA\Packages\phpLiteAdmin 
Processamento Criado => : System.Diagnostics.Process (php_5) 
Processamento Criado => : . 
Processamento Criado => : 0 
O PHP Server foi iniciado com sucesso. PID: 8680
Iniciando Teste ...

Caminho Encontrado => : C:\Users\Daniel\Desktop\BIBLIOTECA\SISTEMA BIBLIOTECA\Packages\phpLiteAdmin 
Processamento Criado => : System.Diagnostics.Process (php_5) 
Processamento Criado => : . 
Processamento Criado => : 0 
O PHP Server foi iniciado com sucesso. PID: 6608
Iniciando Teste ...

Caminho Encontrado => : C:\Users\Daniel\Desktop\BIBLIOTECA\SISTEMA BIBLIOTECA\Packages\phpLiteAdmin 
Processamento Criado => : System.Diagnostics.Process (php_5) 
Processamento Criado => : . 
Processamento Criado => : 0 
O PHP Server foi iniciado com sucesso. PID: 6404
Iniciando Teste ...

Caminho Encontrado => : C:\Users\Daniel\Desktop\BIBLIOTECA\SISTEMA BIBLIOTECA\Packages\phpLiteAdmin 
Processamento Criado => : System.Diagnostics.Process (php_5) 
Processamento Criado => : . 
Processamento Criado => : 0 
O PHP Server foi iniciado com sucesso. PID: 12572
Iniciando Teste ...

Nenhum PID fornecido para encerrar o processo.
Caminho Encontrado => : C:\Users\Daniel\Desktop\BIBLIOTECA\SISTEMA BIBLIOTECA\Packages\phpLiteAdmin 
Processamento Criado => : System.Diagnostics.Process (php_5) 
Processamento Criado => : . 
Processamento Criado => : 0.015625 
O PHP Server foi iniciado com sucesso. PID: 13688
Iniciando Teste ...

Caminho Encontrado => : C:\Users\Daniel\Desktop\BIBLIOTECA\SISTEMA BIBLIOTECA\Packages\phpLiteAdmin 
Processamento Criado => : System.Diagnostics.Process (php_5) 
Processamento Criado => : . 
Processamento Criado => : 0 
O PHP Server foi iniciado com sucesso. PID: 12400
Iniciando Teste ...

Caminho Encontrado => : C:\Users\Daniel\Desktop\BIBLIOTECA\SISTEMA BIBLIOTECA\Packages\phpLiteAdmin 
Processamento Criado => : System.Diagnostics.Process (php_5) 
Processamento Criado => : . 
Processamento Criado => : 0 
O PHP Server foi iniciado com sucesso. PID: 14856
Iniciando Teste ...

Caminho Encontrado => : C:\Users\Daniel\Desktop\BIBLIOTECA\SISTEMA BIBLIOTECA\Packages\phpLiteAdmin 
Processamento Criado => : System.Diagnostics.Process (php_5) 
Processamento Criado => : . 
Processamento Criado => : 0 
O PHP Server foi iniciado com sucesso. PID: 14856
Iniciando Teste ...
Processo anterior (PID: 14856) encerrado com sucesso.
Caminho Encontrado => : C:\Users\Daniel\Desktop\BIBLIOTECA\SISTEMA BIBLIOTECA\Packages\phpLiteAdmin 
Processamento Criado => : System.Diagnostics.Process (php_5) 
Processamento Criado => : . 
Processamento Criado => : 0.015625 
O PHP Server foi iniciado com sucesso. PID: 14084
Iniciando Teste ...

Caminho Encontrado => : C:\Users\Daniel\Desktop\BIBLIOTECA\SISTEMA BIBLIOTECA\Packages\phpLiteAdmin 
Processamento Criado => : System.Diagnostics.Process (php_5) 
Processamento Criado => : . 
Processamento Criado => : 0 
O PHP Server foi iniciado com sucesso. PID: 3480
Iniciando Teste ...

Caminho Encontrado => : C:\Users\Daniel\Desktop\BIBLIOTECA\SISTEMA BIBLIOTECA\Packages\phpLiteAdmin 
Processamento Criado => : System.Diagnostics.Process (php_5) 
Processamento Criado => : . 
Processamento Criado => : 0 
O PHP Server foi iniciado com sucesso. PID: 3480
Iniciando Teste ...
Processo anterior (PID: 3480) encerrado com sucesso.
Caminho Encontrado => : C:\Users\Daniel\Desktop\BIBLIOTECA\SISTEMA BIBLIOTECA\Packages\phpLiteAdmin 
Processamento Criado => : System.Diagnostics.Process (php_5) 
Processamento Criado => : . 
Processamento Criado => : 0 
O PHP Server foi iniciado com sucesso. PID: 16168
Iniciando Teste ...

Caminho Encontrado => : C:\Users\Daniel\Desktop\BIBLIOTECA\SISTEMA BIBLIOTECA\Packages\phpLiteAdmin 
Processamento Criado => : System.Diagnostics.Process (php_5) 
Processamento Criado => : . 
Processamento Criado => : 0 
O PHP Server foi iniciado com sucesso. PID: 3480
Iniciando Teste ...
Processo anterior (PID: 3480) encerrado com sucesso.
Caminho Encontrado => : C:\Users\Daniel\Desktop\BIBLIOTECA\SISTEMA BIBLIOTECA\Packages\phpLiteAdmin 
Processamento Criado => : System.Diagnostics.Process (php_5) 
Processamento Criado => : . 
Processamento Criado => : 0 
O PHP Server foi iniciado com sucesso. PID: 16168
Iniciando Teste ...
Processo anterior (PID: 16168) encerrado com sucesso.
Caminho Encontrado => : C:\Users\Daniel\Desktop\BIBLIOTECA\SISTEMA BIBLIOTECA\Packages\phpLiteAdmin 
Processamento Criado => : System.Diagnostics.Process (php_5) 
Processamento Criado => : . 
Processamento Criado => : 0 
O PHP Server foi iniciado com sucesso. PID: 12368
Iniciando Teste ...

Caminho Encontrado => : C:\Users\Daniel\Desktop\BIBLIOTECA\SISTEMA BIBLIOTECA\Packages\phpLiteAdmin 
Processamento Criado => : System.Diagnostics.Process (php_5) 
Processamento Criado => : . 
Processamento Criado => : 0 
O PHP Server foi iniciado com sucesso. PID: 7560
Iniciando Teste ...

Caminho Encontrado => : C:\Users\Daniel\Desktop\BIBLIOTECA\SISTEMA BIBLIOTECA\Packages\phpLiteAdmin 
Processamento Criado => : System.Diagnostics.Process (php_5) 
Processamento Criado => : . 
Processamento Criado => : 0 
O PHP Server foi iniciado com sucesso. PID: 15560
Iniciando Teste ...

Caminho Encontrado => : C:\Users\Daniel\Desktop\BIBLIOTECA\SISTEMA BIBLIOTECA\Packages\phpLiteAdmin 
Processamento Criado => : System.Diagnostics.Process (php_5) 
Processamento Criado => : . 
Processamento Criado => : 0.015625 
O PHP Server foi iniciado com sucesso. PID: 10356
Iniciando Teste ...

Caminho Encontrado => : C:\Users\Daniel\Desktop\BIBLIOTECA\SISTEMA BIBLIOTECA\Packages\phpLiteAdmin 
Processamento Criado => : System.Diagnostics.Process (php_5) 
Processamento Criado => : . 
Processamento Criado => : 0 
O PHP Server foi iniciado com sucesso. PID: 3508
Iniciando Teste ...

Caminho Encontrado => : C:\Users\Daniel\Desktop\BIBLIOTECA\SISTEMA BIBLIOTECA\Packages\phpLiteAdmin 
Processamento Criado => : System.Diagnostics.Process (php_5) 
Processamento Criado => : . 
Processamento Criado => : 0 
O PHP Server foi iniciado com sucesso. PID: 10132
Iniciando Teste ...

Caminho Encontrado => : C:\Users\Daniel\Desktop\BIBLIOTECA\SISTEMA BIBLIOTECA\Packages\phpLiteAdmin 
Processamento Criado => : System.Diagnostics.Process (php_5) 
Processamento Criado => : . 
Processamento Criado => : 0 
O PHP Server foi iniciado com sucesso. PID: 12752
Iniciando Teste ...

Caminho Encontrado => : C:\Users\Daniel\Desktop\BIBLIOTECA\SISTEMA BIBLIOTECA\Packages\phpLiteAdmin 
Processamento Criado => : System.Diagnostics.Process (php_5) 
Processamento Criado => : . 
Processamento Criado => : 0 
O PHP Server foi iniciado com sucesso. PID: 12752
Iniciando Teste ...
Processo anterior (PID: 12752) encerrado com sucesso.
Caminho Encontrado => : C:\Users\Daniel\Desktop\BIBLIOTECA\SISTEMA BIBLIOTECA\Packages\phpLiteAdmin 
Processamento Criado => : System.Diagnostics.Process (php_5) 
Processamento Criado => : . 
Processamento Criado => : 0 
O PHP Server foi iniciado com sucesso. PID: 4060
Iniciando Teste ...

Caminho Encontrado => : C:\Users\Daniel\Desktop\BIBLIOTECA\SISTEMA BIBLIOTECA\Packages\phpLiteAdmin 
Processamento Criado => : System.Diagnostics.Process (php_5) 
Processamento Criado => : . 
Processamento Criado => : 0 
O PHP Server foi iniciado com sucesso. PID: 12752
Iniciando Teste ...
Processo anterior (PID: 12752) encerrado com sucesso.
Caminho Encontrado => : C:\Users\Daniel\Desktop\BIBLIOTECA\SISTEMA BIBLIOTECA\Packages\phpLiteAdmin 
Processamento Criado => : System.Diagnostics.Process (php_5) 
Processamento Criado => : . 
Processamento Criado => : 0 
O PHP Server foi iniciado com sucesso. PID: 4060
Iniciando Teste ...
Processo anterior (PID: 4060) encerrado com sucesso.
Caminho Encontrado => : C:\Users\Daniel\Desktop\BIBLIOTECA\SISTEMA BIBLIOTECA\Packages\phpLiteAdmin 
Processamento Criado => : System.Diagnostics.Process (php_5) 
Processamento Criado => : . 
Processamento Criado => : 0 
O PHP Server foi iniciado com sucesso. PID: 2328
Iniciando Teste ...

Caminho Encontrado => : C:\Users\Daniel\Desktop\BIBLIOTECA\SISTEMA BIBLIOTECA\Packages\phpLiteAdmin 
Processamento Criado => : System.Diagnostics.Process (php_5) 
Processamento Criado => : . 
Processamento Criado => : 0 
O PHP Server foi iniciado com sucesso. PID: 12752
Iniciando Teste ...
Processo anterior (PID: 12752) encerrado com sucesso.
Caminho Encontrado => : C:\Users\Daniel\Desktop\BIBLIOTECA\SISTEMA BIBLIOTECA\Packages\phpLiteAdmin 
Processamento Criado => : System.Diagnostics.Process (php_5) 
Processamento Criado => : . 
Processamento Criado => : 0 
O PHP Server foi iniciado com sucesso. PID: 4060
Iniciando Teste ...
Processo anterior (PID: 4060) encerrado com sucesso.
Caminho Encontrado => : C:\Users\Daniel\Desktop\BIBLIOTECA\SISTEMA BIBLIOTECA\Packages\phpLiteAdmin 
Processamento Criado => : System.Diagnostics.Process (php_5) 
Processamento Criado => : . 
Processamento Criado => : 0 
O PHP Server foi iniciado com sucesso. PID: 2328
Iniciando Teste ...
Processo anterior (PID: 2328) encerrado com sucesso.
Caminho Encontrado => : C:\Users\Daniel\Desktop\BIBLIOTECA\SISTEMA BIBLIOTECA\Packages\phpLiteAdmin 
Processamento Criado => : System.Diagnostics.Process (php_5) 
Processamento Criado => : . 
Processamento Criado => : 0 
O PHP Server foi iniciado com sucesso. PID: 14124
Iniciando Teste ...

Caminho Encontrado => : C:\Users\Daniel\Desktop\BIBLIOTECA\SISTEMA BIBLIOTECA\Packages\phpLiteAdmin 
Processamento Criado => : System.Diagnostics.Process (php_5) 
Processamento Criado => : . 
Processamento Criado => : 0 
O PHP Server foi iniciado com sucesso. PID: 10668
Iniciando Teste ...

Caminho Encontrado => : C:\Users\Daniel\Desktop\BIBLIOTECA\SISTEMA BIBLIOTECA\Packages\phpLiteAdmin 
Processamento Criado => : System.Diagnostics.Process (php_5) 
Processamento Criado => : . 
Processamento Criado => : 0 
O PHP Server foi iniciado com sucesso. PID: 10924
Iniciando Teste ...

Caminho Encontrado => : C:\Users\Daniel\Desktop\BIBLIOTECA\SISTEMA BIBLIOTECA\Packages\phpLiteAdmin 
Processamento Criado => : System.Diagnostics.Process (php_5) 
Processamento Criado => : . 
Processamento Criado => : 0 
O PHP Server foi iniciado com sucesso. PID: 1368
Iniciando Teste ...

Caminho Encontrado => : C:\Users\Daniel\Desktop\AngueraBook\Packages\phpLiteAdmin 
Processamento Criado => : System.Diagnostics.Process (php_5) 
Processamento Criado => : . 
Processamento Criado => : 0.015625 
O PHP Server foi iniciado com sucesso. PID: 6060
Iniciando Teste ...

Caminho Encontrado => : C:\Users\Daniel\Desktop\AngueraBook\Packages\phpLiteAdmin 
Processamento Criado => : System.Diagnostics.Process (php_5) 
Processamento Criado => : . 
Processamento Criado => : 0 
O PHP Server foi iniciado com sucesso. PID: 15364
Iniciando Teste ...

